[debug] [2025-11-14T16:23:09.636Z] ----------------------------------------------------------------------
[debug] [2025-11-14T16:23:09.640Z] Command:       /Users/mouthcouture/.nvm/versions/node/v22.21.0/bin/node /Users/mouthcouture/.nvm/versions/node/v22.21.0/bin/firebase deploy --only functions:scrapeOxfordHousesScheduled,functions:scrapeOxfordHousesManual,functions:getOxfordScrapingStatus
[debug] [2025-11-14T16:23:09.640Z] CLI Version:   14.24.2
[debug] [2025-11-14T16:23:09.640Z] Platform:      darwin
[debug] [2025-11-14T16:23:09.640Z] Node Version:  v22.21.0
[debug] [2025-11-14T16:23:09.641Z] Time:          Fri Nov 14 2025 09:23:09 GMT-0700 (Mountain Standard Time)
[debug] [2025-11-14T16:23:09.641Z] ----------------------------------------------------------------------
[debug] 
[debug] [2025-11-14T16:23:09.843Z] > command requires scopes: ["email","openid","https://www.googleapis.com/auth/cloudplatformprojects.readonly","https://www.googleapis.com/auth/firebase","https://www.googleapis.com/auth/cloud-platform"]
[debug] [2025-11-14T16:23:09.843Z] > authorizing via signed-in user (alexmouth01@gmail.com)
[debug] [2025-11-14T16:23:09.843Z] [iam] checking project wellnesscafelanding for permissions ["cloudfunctions.functions.create","cloudfunctions.functions.delete","cloudfunctions.functions.get","cloudfunctions.functions.list","cloudfunctions.functions.update","cloudfunctions.operations.get","firebase.projects.get"]
[debug] [2025-11-14T16:23:09.844Z] Checked if tokens are valid: false, expires at: 1763070859014
[debug] [2025-11-14T16:23:09.844Z] Checked if tokens are valid: false, expires at: 1763070859014
[debug] [2025-11-14T16:23:09.845Z] > refreshing access token with scopes: []
[debug] [2025-11-14T16:23:09.846Z] >>> [apiv2][query] POST https://www.googleapis.com/oauth2/v3/token [none]
[debug] [2025-11-14T16:23:09.846Z] >>> [apiv2][body] POST https://www.googleapis.com/oauth2/v3/token [omitted]
[debug] [2025-11-14T16:23:10.028Z] <<< [apiv2][status] POST https://www.googleapis.com/oauth2/v3/token 200
[debug] [2025-11-14T16:23:10.028Z] <<< [apiv2][body] POST https://www.googleapis.com/oauth2/v3/token [omitted]
[debug] [2025-11-14T16:23:10.051Z] >>> [apiv2][query] POST https://cloudresourcemanager.googleapis.com/v1/projects/wellnesscafelanding:testIamPermissions [none]
[debug] [2025-11-14T16:23:10.051Z] >>> [apiv2][(partial)header] POST https://cloudresourcemanager.googleapis.com/v1/projects/wellnesscafelanding:testIamPermissions x-goog-quota-user=projects/wellnesscafelanding
[debug] [2025-11-14T16:23:10.052Z] >>> [apiv2][body] POST https://cloudresourcemanager.googleapis.com/v1/projects/wellnesscafelanding:testIamPermissions {"permissions":["cloudfunctions.functions.create","cloudfunctions.functions.delete","cloudfunctions.functions.get","cloudfunctions.functions.list","cloudfunctions.functions.update","cloudfunctions.operations.get","firebase.projects.get"]}
[debug] [2025-11-14T16:23:10.234Z] <<< [apiv2][status] POST https://cloudresourcemanager.googleapis.com/v1/projects/wellnesscafelanding:testIamPermissions 200
[debug] [2025-11-14T16:23:10.234Z] <<< [apiv2][body] POST https://cloudresourcemanager.googleapis.com/v1/projects/wellnesscafelanding:testIamPermissions {"permissions":["cloudfunctions.functions.create","cloudfunctions.functions.delete","cloudfunctions.functions.get","cloudfunctions.functions.list","cloudfunctions.functions.update","cloudfunctions.operations.get","firebase.projects.get"]}
[debug] [2025-11-14T16:23:10.234Z] Checked if tokens are valid: true, expires at: 1763140989028
[debug] [2025-11-14T16:23:10.234Z] Checked if tokens are valid: true, expires at: 1763140989028
[debug] [2025-11-14T16:23:10.235Z] >>> [apiv2][query] POST https://iam.googleapis.com/v1/projects/wellnesscafelanding/serviceAccounts/wellnesscafelanding@appspot.gserviceaccount.com:testIamPermissions [none]
[debug] [2025-11-14T16:23:10.235Z] >>> [apiv2][body] POST https://iam.googleapis.com/v1/projects/wellnesscafelanding/serviceAccounts/wellnesscafelanding@appspot.gserviceaccount.com:testIamPermissions {"permissions":["iam.serviceAccounts.actAs"]}
[debug] [2025-11-14T16:23:10.509Z] <<< [apiv2][status] POST https://iam.googleapis.com/v1/projects/wellnesscafelanding/serviceAccounts/wellnesscafelanding@appspot.gserviceaccount.com:testIamPermissions 200
[debug] [2025-11-14T16:23:10.509Z] <<< [apiv2][body] POST https://iam.googleapis.com/v1/projects/wellnesscafelanding/serviceAccounts/wellnesscafelanding@appspot.gserviceaccount.com:testIamPermissions {"permissions":["iam.serviceAccounts.actAs"]}
[info] 
[info] === Deploying to 'wellnesscafelanding'...
[info] 
[info] i  deploying functions 
[info] Running command: npm --prefix "$RESOURCE_DIR" run lint
[info] ✔  functions: Finished running predeploy script. 
[debug] [2025-11-14T16:23:10.863Z] Checked if tokens are valid: true, expires at: 1763140989028
[debug] [2025-11-14T16:23:10.863Z] Checked if tokens are valid: true, expires at: 1763140989028
[debug] [2025-11-14T16:23:10.863Z] >>> [apiv2][query] GET https://cloudresourcemanager.googleapis.com/v1/projects/wellnesscafelanding [none]
[debug] [2025-11-14T16:23:10.942Z] <<< [apiv2][status] GET https://cloudresourcemanager.googleapis.com/v1/projects/wellnesscafelanding 200
[debug] [2025-11-14T16:23:10.942Z] <<< [apiv2][body] GET https://cloudresourcemanager.googleapis.com/v1/projects/wellnesscafelanding {"projectNumber":"1022330574843","projectId":"wellnesscafelanding","lifecycleState":"ACTIVE","name":"wellnesscafelanding","labels":{"firebase":"enabled","firebase-core":"disabled"},"createTime":"2025-10-24T07:14:28.633857Z"}
[info] i  functions: preparing codebase default for deployment 
[info] i  functions: ensuring required API cloudfunctions.googleapis.com is enabled... 
[info] i  functions: ensuring required API cloudbuild.googleapis.com is enabled... 
[info] i  artifactregistry: ensuring required API artifactregistry.googleapis.com is enabled... 
[debug] [2025-11-14T16:23:10.944Z] Checked if tokens are valid: true, expires at: 1763140989028
[debug] [2025-11-14T16:23:10.944Z] Checked if tokens are valid: true, expires at: 1763140989028
[debug] [2025-11-14T16:23:10.945Z] >>> [apiv2][query] GET https://firebase.googleapis.com/v1beta1/projects/wellnesscafelanding/adminSdkConfig [none]
[debug] [2025-11-14T16:23:11.284Z] <<< [apiv2][status] GET https://firebase.googleapis.com/v1beta1/projects/wellnesscafelanding/adminSdkConfig 200
[debug] [2025-11-14T16:23:11.284Z] <<< [apiv2][body] GET https://firebase.googleapis.com/v1beta1/projects/wellnesscafelanding/adminSdkConfig {"projectId":"wellnesscafelanding","storageBucket":"wellnesscafelanding.firebasestorage.app"}
[debug] [2025-11-14T16:23:11.285Z] Checked if tokens are valid: true, expires at: 1763140989028
[debug] [2025-11-14T16:23:11.285Z] Checked if tokens are valid: true, expires at: 1763140989028
[debug] [2025-11-14T16:23:11.285Z] >>> [apiv2][query] GET https://runtimeconfig.googleapis.com/v1beta1/projects/wellnesscafelanding/configs [none]
[debug] [2025-11-14T16:23:11.523Z] <<< [apiv2][status] GET https://runtimeconfig.googleapis.com/v1beta1/projects/wellnesscafelanding/configs 200
[debug] [2025-11-14T16:23:11.523Z] <<< [apiv2][body] GET https://runtimeconfig.googleapis.com/v1beta1/projects/wellnesscafelanding/configs {"configs":[{"name":"projects/wellnesscafelanding/configs/stripe"}]}
[debug] [2025-11-14T16:23:11.524Z] Checked if tokens are valid: true, expires at: 1763140989028
[debug] [2025-11-14T16:23:11.524Z] Checked if tokens are valid: true, expires at: 1763140989028
[debug] [2025-11-14T16:23:11.524Z] >>> [apiv2][query] GET https://runtimeconfig.googleapis.com/v1beta1/projects/wellnesscafelanding/configs/stripe/variables [none]
[debug] [2025-11-14T16:23:11.621Z] <<< [apiv2][status] GET https://runtimeconfig.googleapis.com/v1beta1/projects/wellnesscafelanding/configs/stripe/variables 200
[debug] [2025-11-14T16:23:11.621Z] <<< [apiv2][body] GET https://runtimeconfig.googleapis.com/v1beta1/projects/wellnesscafelanding/configs/stripe/variables {"variables":[{"name":"projects/wellnesscafelanding/configs/stripe/variables/secret","updateTime":"2025-11-13T20:54:19.779034280Z"},{"name":"projects/wellnesscafelanding/configs/stripe/variables/webhook_secret","updateTime":"2025-11-13T17:58:46.476261166Z"}]}
[debug] [2025-11-14T16:23:11.621Z] Checked if tokens are valid: true, expires at: 1763140989028
[debug] [2025-11-14T16:23:11.621Z] Checked if tokens are valid: true, expires at: 1763140989028
[debug] [2025-11-14T16:23:11.622Z] Checked if tokens are valid: true, expires at: 1763140989028
[debug] [2025-11-14T16:23:11.622Z] Checked if tokens are valid: true, expires at: 1763140989028
[debug] [2025-11-14T16:23:11.622Z] >>> [apiv2][query] GET https://runtimeconfig.googleapis.com/v1beta1/projects/wellnesscafelanding/configs/stripe/variables/secret [none]
[debug] [2025-11-14T16:23:11.622Z] >>> [apiv2][query] GET https://runtimeconfig.googleapis.com/v1beta1/projects/wellnesscafelanding/configs/stripe/variables/webhook_secret [none]
[debug] [2025-11-14T16:23:11.735Z] <<< [apiv2][status] GET https://runtimeconfig.googleapis.com/v1beta1/projects/wellnesscafelanding/configs/stripe/variables/secret 200
[debug] [2025-11-14T16:23:11.735Z] <<< [apiv2][body] GET https://runtimeconfig.googleapis.com/v1beta1/projects/wellnesscafelanding/configs/stripe/variables/secret {"name":"projects/wellnesscafelanding/configs/stripe/variables/secret","updateTime":"2025-11-13T20:54:19.779034280Z","text":"whsec_whsec_6ygULoLCXjwtFVHUcoPLRgtptPwIdTzF"}
[debug] [2025-11-14T16:23:11.807Z] <<< [apiv2][status] GET https://runtimeconfig.googleapis.com/v1beta1/projects/wellnesscafelanding/configs/stripe/variables/webhook_secret 200
[debug] [2025-11-14T16:23:11.808Z] <<< [apiv2][body] GET https://runtimeconfig.googleapis.com/v1beta1/projects/wellnesscafelanding/configs/stripe/variables/webhook_secret {"name":"projects/wellnesscafelanding/configs/stripe/variables/webhook_secret","updateTime":"2025-11-13T17:58:46.476261166Z","text":"whsec_your_webhook_here"}
[debug] [2025-11-14T16:23:11.810Z] Validating nodejs source
[warn] ⚠  functions: package.json indicates an outdated version of firebase-functions. Please upgrade using npm install --save firebase-functions@latest in your functions directory. 
[warn] ⚠  functions: Please note that there will be breaking changes when you upgrade. 
[debug] [2025-11-14T16:23:12.536Z] > [functions] package.json contents: {
  "name": "wellcafeland-functions",
  "private": true,
  "engines": {
    "node": "20"
  },
  "main": "index.js",
  "scripts": {
    "serve": "firebase emulators:start --only functions",
    "deploy": "firebase deploy --only functions",
    "lint": "echo 'No lint configured for functions'"
  },
  "dependencies": {
    "@google/generative-ai": "^0.11.0",
    "@mozilla/readability": "^0.6.0",
    "axios": "^1.13.2",
    "cheerio": "^1.1.2",
    "cors": "^2.8.5",
    "express": "^4.18.2",
    "firebase-admin": "^12.5.0",
    "firebase-functions": "^5.1.1",
    "jsdom": "^25.0.1",
    "sanitize-html": "^2.13.0",
    "stripe": "^19.3.1"
  }
}
[debug] [2025-11-14T16:23:12.536Z] Building nodejs source
[info] i  functions: Loading and analyzing source code for codebase default to determine what to deploy 
[debug] [2025-11-14T16:23:12.537Z] Could not find functions.yaml. Must use http discovery
[debug] [2025-11-14T16:23:12.548Z] Found firebase-functions binary at '/Users/mouthcouture/wellcafeland/functions/node_modules/.bin/firebase-functions'
[info] Serving at port 8439

[debug] [2025-11-14T16:23:13.730Z] Got response from /__/functions.yaml {"endpoints":{"createCheckoutSession":{"platform":"gcfv1","labels":{},"availableMemoryMb":null,"timeoutSeconds":null,"minInstances":null,"maxInstances":null,"ingressSettings":null,"serviceAccountEmail":null,"vpc":null,"callableTrigger":{},"entryPoint":"createCheckoutSession"},"handleStripeWebhook":{"platform":"gcfv1","availableMemoryMb":null,"timeoutSeconds":null,"minInstances":null,"maxInstances":null,"ingressSettings":null,"serviceAccountEmail":null,"vpc":null,"httpsTrigger":{},"entryPoint":"handleStripeWebhook"},"scrapeOxfordHousesScheduled":{"platform":"gcfv1","availableMemoryMb":null,"timeoutSeconds":null,"minInstances":null,"maxInstances":null,"ingressSettings":null,"serviceAccountEmail":null,"vpc":null,"scheduleTrigger":{"schedule":"0 2 * * *","retryConfig":{"retryCount":null,"maxDoublings":null,"maxRetryDuration":null,"maxBackoffDuration":null,"minBackoffDuration":null},"timeZone":"America/New_York"},"labels":{},"entryPoint":"scrapeOxfordHousesScheduled"},"scrapeOxfordHousesManual":{"platform":"gcfv1","availableMemoryMb":null,"timeoutSeconds":null,"minInstances":null,"maxInstances":null,"ingressSettings":null,"serviceAccountEmail":null,"vpc":null,"httpsTrigger":{},"entryPoint":"scrapeOxfordHousesManual"},"getOxfordScrapingStatus":{"platform":"gcfv1","availableMemoryMb":null,"timeoutSeconds":null,"minInstances":null,"maxInstances":null,"ingressSettings":null,"serviceAccountEmail":null,"vpc":null,"httpsTrigger":{},"entryPoint":"getOxfordScrapingStatus"}},"specVersion":"v1alpha1","requiredAPIs":[{"api":"cloudscheduler.googleapis.com","reason":"Needed for scheduled functions."}],"extensions":{}}
[info] i  extensions: ensuring required API firebaseextensions.googleapis.com is enabled... 
[debug] [2025-11-14T16:23:17.763Z] > command requires scopes: ["email","openid","https://www.googleapis.com/auth/cloudplatformprojects.readonly","https://www.googleapis.com/auth/firebase","https://www.googleapis.com/auth/cloud-platform"]
[debug] [2025-11-14T16:23:17.763Z] > authorizing via signed-in user (alexmouth01@gmail.com)
[debug] [2025-11-14T16:23:17.763Z] [iam] checking project wellnesscafelanding for permissions ["firebase.projects.get","firebaseextensions.instances.list"]
[debug] [2025-11-14T16:23:17.763Z] Checked if tokens are valid: true, expires at: 1763140989028
[debug] [2025-11-14T16:23:17.763Z] Checked if tokens are valid: true, expires at: 1763140989028
[debug] [2025-11-14T16:23:17.763Z] >>> [apiv2][query] POST https://cloudresourcemanager.googleapis.com/v1/projects/wellnesscafelanding:testIamPermissions [none]
[debug] [2025-11-14T16:23:17.763Z] >>> [apiv2][(partial)header] POST https://cloudresourcemanager.googleapis.com/v1/projects/wellnesscafelanding:testIamPermissions x-goog-quota-user=projects/wellnesscafelanding
[debug] [2025-11-14T16:23:17.763Z] >>> [apiv2][body] POST https://cloudresourcemanager.googleapis.com/v1/projects/wellnesscafelanding:testIamPermissions {"permissions":["firebase.projects.get","firebaseextensions.instances.list"]}
[debug] [2025-11-14T16:23:17.916Z] <<< [apiv2][status] POST https://cloudresourcemanager.googleapis.com/v1/projects/wellnesscafelanding:testIamPermissions 200
[debug] [2025-11-14T16:23:17.916Z] <<< [apiv2][body] POST https://cloudresourcemanager.googleapis.com/v1/projects/wellnesscafelanding:testIamPermissions {"permissions":["firebase.projects.get","firebaseextensions.instances.list"]}
[debug] [2025-11-14T16:23:17.917Z] Checked if tokens are valid: true, expires at: 1763140989028
[debug] [2025-11-14T16:23:17.917Z] Checked if tokens are valid: true, expires at: 1763140989028
[debug] [2025-11-14T16:23:17.917Z] >>> [apiv2][query] GET https://firebaseextensions.googleapis.com/v1beta/projects/wellnesscafelanding/instances pageSize=100&pageToken=
[debug] [2025-11-14T16:23:18.183Z] <<< [apiv2][status] GET https://firebaseextensions.googleapis.com/v1beta/projects/wellnesscafelanding/instances 200
[debug] [2025-11-14T16:23:18.184Z] <<< [apiv2][body] GET https://firebaseextensions.googleapis.com/v1beta/projects/wellnesscafelanding/instances {}
[info] i  functions: preparing functions directory for uploading... 
[info] i  functions: packaged /Users/mouthcouture/wellcafeland/functions (51.3 KB) for uploading 
[debug] [2025-11-14T16:23:18.334Z] Checked if tokens are valid: true, expires at: 1763140989028
[debug] [2025-11-14T16:23:18.334Z] Checked if tokens are valid: true, expires at: 1763140989028
[debug] [2025-11-14T16:23:18.334Z] >>> [apiv2][query] GET https://cloudfunctions.googleapis.com/v1/projects/wellnesscafelanding/locations/-/functions [none]
[debug] [2025-11-14T16:23:18.872Z] <<< [apiv2][status] GET https://cloudfunctions.googleapis.com/v1/projects/wellnesscafelanding/locations/-/functions 200
[debug] [2025-11-14T16:23:18.872Z] <<< [apiv2][body] GET https://cloudfunctions.googleapis.com/v1/projects/wellnesscafelanding/locations/-/functions {"functions":[{"name":"projects/wellnesscafelanding/locations/us-central1/functions/scrapeOxfordHousesScheduled-scrapeOxfordHousesScheduled","eventTrigger":{"eventType":"google.pubsub.topic.publish","resource":"projects/wellnesscafelanding/topics/firebase-schedule-scrapeOxfordHousesScheduled-scrapeOxfordHousesScheduled-us-central1","service":"pubsub.googleapis.com","failurePolicy":{}},"status":"ACTIVE","entryPoint":"scrapeOxfordHousesScheduled.scrapeOxfordHousesScheduled","timeout":"60s","availableMemoryMb":256,"serviceAccountEmail":"wellnesscafelanding@appspot.gserviceaccount.com","updateTime":"2025-11-13T20:57:54.492Z","versionId":"2","labels":{"deployment-tool":"cli-firebase","deployment-scheduled":"true","firebase-functions-hash":"d2dd6abf732aacd6a60c521a19d6fc70141c3a6e"},"sourceUploadUrl":"https://storage.googleapis.com/uploads-490541392745.us-central1.cloudfunctions.appspot.com/1bb6de0d-5bdd-4d1f-b6f5-662acc1133e8.zip","environmentVariables":{"FIREBASE_CONFIG":"{\"projectId\":\"wellnesscafelanding\",\"storageBucket\":\"wellnesscafelanding.firebasestorage.app\"}","GCLOUD_PROJECT":"wellnesscafelanding","EVENTARC_CLOUD_EVENT_SOURCE":"projects/wellnesscafelanding/locations/us-central1/functions/scrapeOxfordHousesScheduled-scrapeOxfordHousesScheduled"},"runtime":"nodejs20","maxInstances":3000,"ingressSettings":"ALLOW_ALL","buildId":"b139f614-9c81-41ef-991a-7f634a96778f","buildEnvironmentVariables":{"GOOGLE_NODE_RUN_SCRIPTS":""},"buildName":"projects/1022330574843/locations/us-central1/builds/b139f614-9c81-41ef-991a-7f634a96778f","dockerRegistry":"ARTIFACT_REGISTRY","automaticUpdatePolicy":{},"buildServiceAccount":"projects/wellnesscafelanding/serviceAccounts/1022330574843-compute@developer.gserviceaccount.com","satisfiesPzi":true},{"name":"projects/wellnesscafelanding/locations/us-central1/functions/getOxfordScrapingStatus","httpsTrigger":{"url":"https://us-central1-wellnesscafelanding.cloudfunctions.net/getOxfordScrapingStatus","securityLevel":"SECURE_ALWAYS"},"status":"ACTIVE","entryPoint":"getOxfordScrapingStatus","timeout":"60s","availableMemoryMb":256,"serviceAccountEmail":"wellnesscafelanding@appspot.gserviceaccount.com","updateTime":"2025-11-11T23:18:37.671040539Z","versionId":"1","labels":{"deployment-tool":"cli-firebase","firebase-functions-hash":"27af6e8c5e729b8afeb103de261923fecb40c2f1"},"sourceUploadUrl":"https://storage.googleapis.com/uploads-490541392745.us-central1.cloudfunctions.appspot.com/ccbc2f05-f697-4517-9a34-426a605f61f6.zip","environmentVariables":{"FIREBASE_CONFIG":"{\"projectId\":\"wellnesscafelanding\",\"storageBucket\":\"wellnesscafelanding.firebasestorage.app\"}","GCLOUD_PROJECT":"wellnesscafelanding","EVENTARC_CLOUD_EVENT_SOURCE":"projects/wellnesscafelanding/locations/us-central1/functions/getOxfordScrapingStatus"},"runtime":"nodejs20","ingressSettings":"ALLOW_ALL","buildId":"a49dab93-d802-4a5e-8a4e-f65a5e81b7fe","buildEnvironmentVariables":{"GOOGLE_NODE_RUN_SCRIPTS":""},"buildName":"projects/1022330574843/locations/us-central1/builds/a49dab93-d802-4a5e-8a4e-f65a5e81b7fe","dockerRegistry":"ARTIFACT_REGISTRY","automaticUpdatePolicy":{},"buildServiceAccount":"projects/wellnesscafelanding/serviceAccounts/1022330574843-compute@developer.gserviceaccount.com","satisfiesPzi":true},{"name":"projects/wellnesscafelanding/locations/us-central1/functions/syncAssistants","eventTrigger":{"eventType":"google.pubsub.topic.publish","resource":"projects/wellnesscafelanding/topics/firebase-schedule-syncAssistants-us-central1","service":"pubsub.googleapis.com","failurePolicy":{}},"status":"ACTIVE","entryPoint":"syncAssistants","timeout":"60s","availableMemoryMb":256,"serviceAccountEmail":"wellnesscafelanding@appspot.gserviceaccount.com","updateTime":"2025-11-06T19:28:35.049Z","versionId":"3","labels":{"deployment-scheduled":"true","firebase-functions-hash":"b2848104f4df5d10e1eacc861efb1e9ccc6e36bd","deployment-tool":"cli-firebase"},"sourceUploadUrl":"https://storage.googleapis.com/uploads-490541392745.us-central1.cloudfunctions.appspot.com/c5acb2ed-8758-4481-b6c9-9e901d54328d.zip","environmentVariables":{"FIREBASE_CONFIG":"{\"projectId\":\"wellnesscafelanding\",\"storageBucket\":\"wellnesscafelanding.firebasestorage.app\"}","GCLOUD_PROJECT":"wellnesscafelanding","EVENTARC_CLOUD_EVENT_SOURCE":"projects/wellnesscafelanding/locations/us-central1/functions/syncAssistants"},"runtime":"nodejs20","maxInstances":3000,"ingressSettings":"ALLOW_ALL","buildId":"bf73055d-c588-406b-b457-9fe2824fd0e8","buildEnvironmentVariables":{"GOOGLE_NODE_RUN_SCRIPTS":""},"buildName":"projects/1022330574843/locations/us-central1/builds/bf73055d-c588-406b-b457-9fe2824fd0e8","dockerRegistry":"ARTIFACT_REGISTRY","automaticUpdatePolicy":{},"buildServiceAccount":"projects/wellnesscafelanding/serviceAccounts/1022330574843-compute@developer.gserviceaccount.com","satisfiesPzi":true},{"name":"projects/wellnesscafelanding/locations/us-central1/functions/imgProxy","httpsTrigger":{"url":"https://us-central1-wellnesscafelanding.cloudfunctions.net/imgProxy","securityLevel":"SECURE_ALWAYS"},"status":"ACTIVE","entryPoint":"imgProxy","timeout":"60s","availableMemoryMb":256,"serviceAccountEmail":"wellnesscafelanding@appspot.gserviceaccount.com","updateTime":"2025-11-06T19:28:34.768Z","versionId":"3","labels":{"deployment-tool":"cli-firebase","firebase-functions-hash":"b2848104f4df5d10e1eacc861efb1e9ccc6e36bd"},"sourceUploadUrl":"https://storage.googleapis.com/uploads-490541392745.us-central1.cloudfunctions.appspot.com/c5acb2ed-8758-4481-b6c9-9e901d54328d.zip","environmentVariables":{"FIREBASE_CONFIG":"{\"projectId\":\"wellnesscafelanding\",\"storageBucket\":\"wellnesscafelanding.firebasestorage.app\"}","GCLOUD_PROJECT":"wellnesscafelanding","EVENTARC_CLOUD_EVENT_SOURCE":"projects/wellnesscafelanding/locations/us-central1/functions/imgProxy"},"runtime":"nodejs20","ingressSettings":"ALLOW_ALL","buildId":"bf73055d-c588-406b-b457-9fe2824fd0e8","buildEnvironmentVariables":{"GOOGLE_NODE_RUN_SCRIPTS":""},"buildName":"projects/1022330574843/locations/us-central1/builds/bf73055d-c588-406b-b457-9fe2824fd0e8","dockerRegistry":"ARTIFACT_REGISTRY","automaticUpdatePolicy":{},"buildServiceAccount":"projects/wellnesscafelanding/serviceAccounts/1022330574843-compute@developer.gserviceaccount.com","satisfiesPzi":true},{"name":"projects/wellnesscafelanding/locations/us-central1/functions/scrapeOxfordHousesScheduled","eventTrigger":{"eventType":"google.pubsub.topic.publish","resource":"projects/wellnesscafelanding/topics/firebase-schedule-scrapeOxfordHousesScheduled-us-central1","service":"pubsub.googleapis.com","failurePolicy":{}},"status":"ACTIVE","entryPoint":"scrapeOxfordHousesScheduled","timeout":"60s","availableMemoryMb":256,"serviceAccountEmail":"wellnesscafelanding@appspot.gserviceaccount.com","updateTime":"2025-11-11T23:18:38.637895417Z","versionId":"1","labels":{"deployment-scheduled":"true","firebase-functions-hash":"27af6e8c5e729b8afeb103de261923fecb40c2f1","deployment-tool":"cli-firebase"},"sourceUploadUrl":"https://storage.googleapis.com/uploads-490541392745.us-central1.cloudfunctions.appspot.com/ccbc2f05-f697-4517-9a34-426a605f61f6.zip","environmentVariables":{"FIREBASE_CONFIG":"{\"projectId\":\"wellnesscafelanding\",\"storageBucket\":\"wellnesscafelanding.firebasestorage.app\"}","GCLOUD_PROJECT":"wellnesscafelanding","EVENTARC_CLOUD_EVENT_SOURCE":"projects/wellnesscafelanding/locations/us-central1/functions/scrapeOxfordHousesScheduled"},"runtime":"nodejs20","maxInstances":3000,"ingressSettings":"ALLOW_ALL","buildId":"a49dab93-d802-4a5e-8a4e-f65a5e81b7fe","buildEnvironmentVariables":{"GOOGLE_NODE_RUN_SCRIPTS":""},"buildName":"projects/1022330574843/locations/us-central1/builds/a49dab93-d802-4a5e-8a4e-f65a5e81b7fe","dockerRegistry":"ARTIFACT_REGISTRY","automaticUpdatePolicy":{},"buildServiceAccount":"projects/wellnesscafelanding/serviceAccounts/1022330574843-compute@developer.gserviceaccount.com","satisfiesPzi":true},{"name":"projects/wellnesscafelanding/locations/us-central1/functions/scrapeOxfordHousesScheduled-scrapeOxfordHousesManual","httpsTrigger":{"url":"https://us-central1-wellnesscafelanding.cloudfunctions.net/scrapeOxfordHousesScheduled-scrapeOxfordHousesManual","securityLevel":"SECURE_ALWAYS"},"status":"ACTIVE","entryPoint":"scrapeOxfordHousesScheduled.scrapeOxfordHousesManual","timeout":"60s","availableMemoryMb":256,"serviceAccountEmail":"wellnesscafelanding@appspot.gserviceaccount.com","updateTime":"2025-11-13T20:57:59.062Z","versionId":"2","labels":{"firebase-functions-hash":"d2dd6abf732aacd6a60c521a19d6fc70141c3a6e","deployment-tool":"cli-firebase"},"sourceUploadUrl":"https://storage.googleapis.com/uploads-490541392745.us-central1.cloudfunctions.appspot.com/1bb6de0d-5bdd-4d1f-b6f5-662acc1133e8.zip","environmentVariables":{"FIREBASE_CONFIG":"{\"projectId\":\"wellnesscafelanding\",\"storageBucket\":\"wellnesscafelanding.firebasestorage.app\"}","GCLOUD_PROJECT":"wellnesscafelanding","EVENTARC_CLOUD_EVENT_SOURCE":"projects/wellnesscafelanding/locations/us-central1/functions/scrapeOxfordHousesScheduled-scrapeOxfordHousesManual"},"runtime":"nodejs20","ingressSettings":"ALLOW_ALL","buildId":"b139f614-9c81-41ef-991a-7f634a96778f","buildEnvironmentVariables":{"GOOGLE_NODE_RUN_SCRIPTS":""},"buildName":"projects/1022330574843/locations/us-central1/builds/b139f614-9c81-41ef-991a-7f634a96778f","dockerRegistry":"ARTIFACT_REGISTRY","automaticUpdatePolicy":{},"buildServiceAccount":"projects/wellnesscafelanding/serviceAccounts/1022330574843-compute@developer.gserviceaccount.com","satisfiesPzi":true},{"name":"projects/wellnesscafelanding/locations/us-central1/functions/scrapeOxfordHousesScheduled-getOxfordScrapingStatus","httpsTrigger":{"url":"https://us-central1-wellnesscafelanding.cloudfunctions.net/scrapeOxfordHousesScheduled-getOxfordScrapingStatus","securityLevel":"SECURE_ALWAYS"},"status":"ACTIVE","entryPoint":"scrapeOxfordHousesScheduled.getOxfordScrapingStatus","timeout":"60s","availableMemoryMb":256,"serviceAccountEmail":"wellnesscafelanding@appspot.gserviceaccount.com","updateTime":"2025-11-13T20:58:01.045Z","versionId":"2","labels":{"firebase-functions-hash":"d2dd6abf732aacd6a60c521a19d6fc70141c3a6e","deployment-tool":"cli-firebase"},"sourceUploadUrl":"https://storage.googleapis.com/uploads-490541392745.us-central1.cloudfunctions.appspot.com/1bb6de0d-5bdd-4d1f-b6f5-662acc1133e8.zip","environmentVariables":{"FIREBASE_CONFIG":"{\"projectId\":\"wellnesscafelanding\",\"storageBucket\":\"wellnesscafelanding.firebasestorage.app\"}","GCLOUD_PROJECT":"wellnesscafelanding","EVENTARC_CLOUD_EVENT_SOURCE":"projects/wellnesscafelanding/locations/us-central1/functions/scrapeOxfordHousesScheduled-getOxfordScrapingStatus"},"runtime":"nodejs20","ingressSettings":"ALLOW_ALL","buildId":"b139f614-9c81-41ef-991a-7f634a96778f","buildEnvironmentVariables":{"GOOGLE_NODE_RUN_SCRIPTS":""},"buildName":"projects/1022330574843/locations/us-central1/builds/b139f614-9c81-41ef-991a-7f634a96778f","dockerRegistry":"ARTIFACT_REGISTRY","automaticUpdatePolicy":{},"buildServiceAccount":"projects/wellnesscafelanding/serviceAccounts/1022330574843-compute@developer.gserviceaccount.com","satisfiesPzi":true},{"name":"projects/wellnesscafelanding/locations/us-central1/functions/articleRead","httpsTrigger":{"url":"https://us-central1-wellnesscafelanding.cloudfunctions.net/articleRead","securityLevel":"SECURE_ALWAYS"},"status":"ACTIVE","entryPoint":"articleRead","timeout":"60s","availableMemoryMb":256,"serviceAccountEmail":"wellnesscafelanding@appspot.gserviceaccount.com","updateTime":"2025-11-06T19:28:34.583Z","versionId":"3","labels":{"deployment-tool":"cli-firebase","firebase-functions-hash":"b2848104f4df5d10e1eacc861efb1e9ccc6e36bd"},"sourceUploadUrl":"https://storage.googleapis.com/uploads-490541392745.us-central1.cloudfunctions.appspot.com/c5acb2ed-8758-4481-b6c9-9e901d54328d.zip","environmentVariables":{"FIREBASE_CONFIG":"{\"projectId\":\"wellnesscafelanding\",\"storageBucket\":\"wellnesscafelanding.firebasestorage.app\"}","GCLOUD_PROJECT":"wellnesscafelanding","EVENTARC_CLOUD_EVENT_SOURCE":"projects/wellnesscafelanding/locations/us-central1/functions/articleRead"},"runtime":"nodejs20","ingressSettings":"ALLOW_ALL","buildId":"bf73055d-c588-406b-b457-9fe2824fd0e8","buildEnvironmentVariables":{"GOOGLE_NODE_RUN_SCRIPTS":""},"buildName":"projects/1022330574843/locations/us-central1/builds/bf73055d-c588-406b-b457-9fe2824fd0e8","dockerRegistry":"ARTIFACT_REGISTRY","automaticUpdatePolicy":{},"buildServiceAccount":"projects/wellnesscafelanding/serviceAccounts/1022330574843-compute@developer.gserviceaccount.com","satisfiesPzi":true},{"name":"projects/wellnesscafelanding/locations/us-central1/functions/api","httpsTrigger":{"url":"https://us-central1-wellnesscafelanding.cloudfunctions.net/api","securityLevel":"SECURE_ALWAYS"},"status":"ACTIVE","entryPoint":"api","timeout":"60s","availableMemoryMb":256,"serviceAccountEmail":"wellnesscafelanding@appspot.gserviceaccount.com","updateTime":"2025-11-06T19:28:31.312501360Z","versionId":"1","labels":{"deployment-tool":"cli-firebase","firebase-functions-hash":"b2848104f4df5d10e1eacc861efb1e9ccc6e36bd"},"sourceUploadUrl":"https://storage.googleapis.com/uploads-490541392745.us-central1.cloudfunctions.appspot.com/c5acb2ed-8758-4481-b6c9-9e901d54328d.zip","environmentVariables":{"FIREBASE_CONFIG":"{\"projectId\":\"wellnesscafelanding\",\"storageBucket\":\"wellnesscafelanding.firebasestorage.app\"}","GCLOUD_PROJECT":"wellnesscafelanding","EVENTARC_CLOUD_EVENT_SOURCE":"projects/wellnesscafelanding/locations/us-central1/functions/api"},"runtime":"nodejs20","ingressSettings":"ALLOW_ALL","buildId":"bf73055d-c588-406b-b457-9fe2824fd0e8","buildEnvironmentVariables":{"GOOGLE_NODE_RUN_SCRIPTS":""},"buildName":"projects/1022330574843/locations/us-central1/builds/bf73055d-c588-406b-b457-9fe2824fd0e8","dockerRegistry":"ARTIFACT_REGISTRY","automaticUpdatePolicy":{},"buildServiceAccount":"projects/wellnesscafelanding/serviceAccounts/1022330574843-compute@developer.gserviceaccount.com","satisfiesPzi":true},{"name":"projects/wellnesscafelanding/locations/us-central1/functions/scrapeOxfordHousesManual","httpsTrigger":{"url":"https://us-central1-wellnesscafelanding.cloudfunctions.net/scrapeOxfordHousesManual","securityLevel":"SECURE_ALWAYS"},"status":"ACTIVE","entryPoint":"scrapeOxfordHousesManual","timeout":"60s","availableMemoryMb":256,"serviceAccountEmail":"wellnesscafelanding@appspot.gserviceaccount.com","updateTime":"2025-11-11T23:18:37.759328319Z","versionId":"1","labels":{"firebase-functions-hash":"27af6e8c5e729b8afeb103de261923fecb40c2f1","deployment-tool":"cli-firebase"},"sourceUploadUrl":"https://storage.googleapis.com/uploads-490541392745.us-central1.cloudfunctions.appspot.com/ccbc2f05-f697-4517-9a34-426a605f61f6.zip","environmentVariables":{"FIREBASE_CONFIG":"{\"projectId\":\"wellnesscafelanding\",\"storageBucket\":\"wellnesscafelanding.firebasestorage.app\"}","GCLOUD_PROJECT":"wellnesscafelanding","EVENTARC_CLOUD_EVENT_SOURCE":"projects/wellnesscafelanding/locations/us-central1/functions/scrapeOxfordHousesManual"},"runtime":"nodejs20","ingressSettings":"ALLOW_ALL","buildId":"a49dab93-d802-4a5e-8a4e-f65a5e81b7fe","buildEnvironmentVariables":{"GOOGLE_NODE_RUN_SCRIPTS":""},"buildName":"projects/1022330574843/locations/us-central1/builds/a49dab93-d802-4a5e-8a4e-f65a5e81b7fe","dockerRegistry":"ARTIFACT_REGISTRY","automaticUpdatePolicy":{},"buildServiceAccount":"projects/wellnesscafelanding/serviceAccounts/1022330574843-compute@developer.gserviceaccount.com","satisfiesPzi":true},{"name":"projects/wellnesscafelanding/locations/us-central1/functions/createCheckoutSession","httpsTrigger":{"url":"https://us-central1-wellnesscafelanding.cloudfunctions.net/createCheckoutSession","securityLevel":"SECURE_ALWAYS"},"status":"ACTIVE","entryPoint":"createCheckoutSession","timeout":"60s","availableMemoryMb":256,"serviceAccountEmail":"wellnesscafelanding@appspot.gserviceaccount.com","updateTime":"2025-11-13T20:57:57.117Z","versionId":"2","labels":{"deployment-tool":"cli-firebase","deployment-callable":"true","firebase-functions-hash":"d2dd6abf732aacd6a60c521a19d6fc70141c3a6e"},"sourceUploadUrl":"https://storage.googleapis.com/uploads-490541392745.us-central1.cloudfunctions.appspot.com/1bb6de0d-5bdd-4d1f-b6f5-662acc1133e8.zip","environmentVariables":{"FIREBASE_CONFIG":"{\"projectId\":\"wellnesscafelanding\",\"storageBucket\":\"wellnesscafelanding.firebasestorage.app\"}","GCLOUD_PROJECT":"wellnesscafelanding","EVENTARC_CLOUD_EVENT_SOURCE":"projects/wellnesscafelanding/locations/us-central1/functions/createCheckoutSession"},"runtime":"nodejs20","ingressSettings":"ALLOW_ALL","buildId":"b139f614-9c81-41ef-991a-7f634a96778f","buildEnvironmentVariables":{"GOOGLE_NODE_RUN_SCRIPTS":""},"buildName":"projects/1022330574843/locations/us-central1/builds/b139f614-9c81-41ef-991a-7f634a96778f","dockerRegistry":"ARTIFACT_REGISTRY","automaticUpdatePolicy":{},"buildServiceAccount":"projects/wellnesscafelanding/serviceAccounts/1022330574843-compute@developer.gserviceaccount.com","satisfiesPzi":true},{"name":"projects/wellnesscafelanding/locations/us-central1/functions/handleStripeWebhook","httpsTrigger":{"url":"https://us-central1-wellnesscafelanding.cloudfunctions.net/handleStripeWebhook","securityLevel":"SECURE_ALWAYS"},"status":"ACTIVE","entryPoint":"handleStripeWebhook","timeout":"60s","availableMemoryMb":256,"serviceAccountEmail":"wellnesscafelanding@appspot.gserviceaccount.com","updateTime":"2025-11-13T20:57:59.022Z","versionId":"2","labels":{"deployment-tool":"cli-firebase","firebase-functions-hash":"d2dd6abf732aacd6a60c521a19d6fc70141c3a6e"},"sourceUploadUrl":"https://storage.googleapis.com/uploads-490541392745.us-central1.cloudfunctions.appspot.com/1bb6de0d-5bdd-4d1f-b6f5-662acc1133e8.zip","environmentVariables":{"FIREBASE_CONFIG":"{\"projectId\":\"wellnesscafelanding\",\"storageBucket\":\"wellnesscafelanding.firebasestorage.app\"}","GCLOUD_PROJECT":"wellnesscafelanding","EVENTARC_CLOUD_EVENT_SOURCE":"projects/wellnesscafelanding/locations/us-central1/functions/handleStripeWebhook"},"runtime":"nodejs20","ingressSettings":"ALLOW_ALL","buildId":"b139f614-9c81-41ef-991a-7f634a96778f","buildEnvironmentVariables":{"GOOGLE_NODE_RUN_SCRIPTS":""},"buildName":"projects/1022330574843/locations/us-central1/builds/b139f614-9c81-41ef-991a-7f634a96778f","dockerRegistry":"ARTIFACT_REGISTRY","automaticUpdatePolicy":{},"buildServiceAccount":"projects/wellnesscafelanding/serviceAccounts/1022330574843-compute@developer.gserviceaccount.com","satisfiesPzi":true},{"name":"projects/wellnesscafelanding/locations/us-central1/functions/aiAsk","httpsTrigger":{"url":"https://us-central1-wellnesscafelanding.cloudfunctions.net/aiAsk","securityLevel":"SECURE_ALWAYS"},"status":"ACTIVE","entryPoint":"aiAsk","timeout":"60s","availableMemoryMb":256,"serviceAccountEmail":"wellnesscafelanding@appspot.gserviceaccount.com","updateTime":"2025-11-06T19:28:35.420Z","versionId":"3","labels":{"deployment-tool":"cli-firebase","firebase-functions-hash":"b2848104f4df5d10e1eacc861efb1e9ccc6e36bd"},"sourceUploadUrl":"https://storage.googleapis.com/uploads-490541392745.us-central1.cloudfunctions.appspot.com/c5acb2ed-8758-4481-b6c9-9e901d54328d.zip","environmentVariables":{"FIREBASE_CONFIG":"{\"projectId\":\"wellnesscafelanding\",\"storageBucket\":\"wellnesscafelanding.firebasestorage.app\"}","GCLOUD_PROJECT":"wellnesscafelanding","EVENTARC_CLOUD_EVENT_SOURCE":"projects/wellnesscafelanding/locations/us-central1/functions/aiAsk"},"runtime":"nodejs20","ingressSettings":"ALLOW_ALL","buildId":"bf73055d-c588-406b-b457-9fe2824fd0e8","buildEnvironmentVariables":{"GOOGLE_NODE_RUN_SCRIPTS":""},"buildName":"projects/1022330574843/locations/us-central1/builds/bf73055d-c588-406b-b457-9fe2824fd0e8","dockerRegistry":"ARTIFACT_REGISTRY","automaticUpdatePolicy":{},"buildServiceAccount":"projects/wellnesscafelanding/serviceAccounts/1022330574843-compute@developer.gserviceaccount.com","satisfiesPzi":true}]}
[debug] [2025-11-14T16:23:18.875Z] Checked if tokens are valid: true, expires at: 1763140989028
[debug] [2025-11-14T16:23:18.875Z] Checked if tokens are valid: true, expires at: 1763140989028
[debug] [2025-11-14T16:23:18.875Z] >>> [apiv2][query] GET https://cloudfunctions.googleapis.com/v2/projects/wellnesscafelanding/locations/-/functions filter=environment%3D%22GEN_2%22
[debug] [2025-11-14T16:23:19.246Z] <<< [apiv2][status] GET https://cloudfunctions.googleapis.com/v2/projects/wellnesscafelanding/locations/-/functions 200
[debug] [2025-11-14T16:23:19.246Z] <<< [apiv2][body] GET https://cloudfunctions.googleapis.com/v2/projects/wellnesscafelanding/locations/-/functions {}
[info] i  functions: ensuring required API cloudscheduler.googleapis.com is enabled... 
[debug] [2025-11-14T16:23:19.252Z] Checked if tokens are valid: true, expires at: 1763140989028
[debug] [2025-11-14T16:23:19.252Z] Checked if tokens are valid: true, expires at: 1763140989028
[debug] [2025-11-14T16:23:19.252Z] >>> [apiv2][query] GET https://cloudresourcemanager.googleapis.com/v1/projects/wellnesscafelanding [none]
[debug] [2025-11-14T16:23:19.327Z] <<< [apiv2][status] GET https://cloudresourcemanager.googleapis.com/v1/projects/wellnesscafelanding 200
[debug] [2025-11-14T16:23:19.327Z] <<< [apiv2][body] GET https://cloudresourcemanager.googleapis.com/v1/projects/wellnesscafelanding {"projectNumber":"1022330574843","projectId":"wellnesscafelanding","lifecycleState":"ACTIVE","name":"wellnesscafelanding","labels":{"firebase":"enabled","firebase-core":"disabled"},"createTime":"2025-10-24T07:14:28.633857Z"}
[debug] [2025-11-14T16:23:19.329Z] Checked if tokens are valid: true, expires at: 1763140989028
[debug] [2025-11-14T16:23:19.330Z] Checked if tokens are valid: true, expires at: 1763140989028
[debug] [2025-11-14T16:23:19.330Z] >>> [apiv2][query] GET https://cloudbilling.googleapis.com/v1/projects/wellnesscafelanding/billingInfo [none]
[debug] [2025-11-14T16:23:19.510Z] <<< [apiv2][status] GET https://cloudbilling.googleapis.com/v1/projects/wellnesscafelanding/billingInfo 200
[debug] [2025-11-14T16:23:19.510Z] <<< [apiv2][body] GET https://cloudbilling.googleapis.com/v1/projects/wellnesscafelanding/billingInfo {"name":"projects/wellnesscafelanding/billingInfo","projectId":"wellnesscafelanding","billingAccountName":"billingAccounts/0101A0-4F7003-4468CC","billingEnabled":true}
[debug] [2025-11-14T16:23:19.511Z] Checked if tokens are valid: true, expires at: 1763140989028
[debug] [2025-11-14T16:23:19.511Z] Checked if tokens are valid: true, expires at: 1763140989028
[debug] [2025-11-14T16:23:19.511Z] >>> [apiv2][query] POST https://cloudfunctions.googleapis.com/v1/projects/wellnesscafelanding/locations/us-central1/functions:generateUploadUrl [none]
[debug] [2025-11-14T16:23:19.511Z] >>> [apiv2][body] POST https://cloudfunctions.googleapis.com/v1/projects/wellnesscafelanding/locations/us-central1/functions:generateUploadUrl {}
[debug] [2025-11-14T16:23:19.999Z] <<< [apiv2][status] POST https://cloudfunctions.googleapis.com/v1/projects/wellnesscafelanding/locations/us-central1/functions:generateUploadUrl 200
[debug] [2025-11-14T16:23:20.000Z] <<< [apiv2][body] POST https://cloudfunctions.googleapis.com/v1/projects/wellnesscafelanding/locations/us-central1/functions:generateUploadUrl {"uploadUrl":"https://storage.googleapis.com/uploads-490541392745.us-central1.cloudfunctions.appspot.com/8096125a-4498-4933-a3d7-e9ad35535424.zip?GoogleAccessId=service-1022330574843@gcf-admin-robot.iam.gserviceaccount.com&Expires=1763139197&Signature=qEfPc9zJ9kydulY76niNDYQEHhg95fDHM6VZl%2FlBoZlhV6vYFdwFXu27e44f%2F5fdCvapvrDIvm4zlojpmvc9bZL9h4iFPRHADaNSuqdue7Rz86krnuNPpJ14YeiLIkjJlg%2Fd3VIJXTda17se%2Fsk2MDJlZOITb3GPkLsMcVVXrk%2FUhNTx3RSqcQiAe1hjTjVNfp9aPvcC6kadtLz98ntt0a4KHIdjX9hJ9umpsU9wlV1OsR0iRw28rWBKRuCBPasAc8CoSEKsHRkeqK37yow%2B1nngnENtmL92KgxmXeZvv%2Fdhg3sr7nUp%2B3r382otfkEdc0CCzP%2Feqoy5mSDzPjjyrA%3D%3D"}
[debug] [2025-11-14T16:23:20.000Z] >>> [apiv2][query] PUT https://storage.googleapis.com/uploads-490541392745.us-central1.cloudfunctions.appspot.com/8096125a-4498-4933-a3d7-e9ad35535424.zip GoogleAccessId=service-1022330574843%40gcf-admin-robot.iam.gserviceaccount.com&Expires=1763139197&Signature=qEfPc9zJ9kydulY76niNDYQEHhg95fDHM6VZl%2FlBoZlhV6vYFdwFXu27e44f%2F5fdCvapvrDIvm4zlojpmvc9bZL9h4iFPRHADaNSuqdue7Rz86krnuNPpJ14YeiLIkjJlg%2Fd3VIJXTda17se%2Fsk2MDJlZOITb3GPkLsMcVVXrk%2FUhNTx3RSqcQiAe1hjTjVNfp9aPvcC6kadtLz98ntt0a4KHIdjX9hJ9umpsU9wlV1OsR0iRw28rWBKRuCBPasAc8CoSEKsHRkeqK37yow%2B1nngnENtmL92KgxmXeZvv%2Fdhg3sr7nUp%2B3r382otfkEdc0CCzP%2Feqoy5mSDzPjjyrA%3D%3D
[debug] [2025-11-14T16:23:20.000Z] >>> [apiv2][body] PUT https://storage.googleapis.com/uploads-490541392745.us-central1.cloudfunctions.appspot.com/8096125a-4498-4933-a3d7-e9ad35535424.zip [stream]
[debug] [2025-11-14T16:23:20.269Z] <<< [apiv2][status] PUT https://storage.googleapis.com/uploads-490541392745.us-central1.cloudfunctions.appspot.com/8096125a-4498-4933-a3d7-e9ad35535424.zip 200
[debug] [2025-11-14T16:23:20.269Z] <<< [apiv2][body] PUT https://storage.googleapis.com/uploads-490541392745.us-central1.cloudfunctions.appspot.com/8096125a-4498-4933-a3d7-e9ad35535424.zip [omitted]
[info] ✔  functions: functions source uploaded successfully 
[info] 
The following functions are found in your project but do not exist in your local source code:
	scrapeOxfordHousesScheduled-getOxfordScrapingStatus(us-central1)
	scrapeOxfordHousesScheduled-scrapeOxfordHousesManual(us-central1)
	scrapeOxfordHousesScheduled-scrapeOxfordHousesScheduled(us-central1)

If you are renaming a function or changing its region, it is recommended that you create the new function first before deleting the old one to prevent event loss. For more info, visit https://firebase.google.com/docs/functions/manage-functions#modify

